[debug] [2023-12-25T22:25:47.683Z] ----------------------------------------------------------------------
[debug] [2023-12-25T22:25:47.687Z] Command:       C:\Program Files\nodejs\node.exe C:\Users\SamWell\AppData\Roaming\npm\node_modules\firebase-tools\lib\bin\firebase.js emulators:start
[debug] [2023-12-25T22:25:47.687Z] CLI Version:   13.0.2
[debug] [2023-12-25T22:25:47.688Z] Platform:      win32
[debug] [2023-12-25T22:25:47.688Z] Node Version:  v20.10.0
[debug] [2023-12-25T22:25:47.688Z] Time:          Mon Dec 25 2023 14:25:47 GMT-0800 (Pacific Standard Time)
[debug] [2023-12-25T22:25:47.688Z] ----------------------------------------------------------------------
[debug] 
[debug] [2023-12-25T22:25:47.794Z] > command requires scopes: ["email","openid","https://www.googleapis.com/auth/cloudplatformprojects.readonly","https://www.googleapis.com/auth/firebase","https://www.googleapis.com/auth/cloud-platform"]
[debug] [2023-12-25T22:25:47.795Z] > authorizing via signed-in user (samwell923@gmail.com)
[info] i  emulators: Starting emulators: functions {"metadata":{"emulator":{"name":"hub"},"message":"Starting emulators: functions"}}
[debug] [2023-12-25T22:25:47.834Z] [logging] Logging Emulator only supports listening on one address (127.0.0.1). Not listening on ::1
[debug] [2023-12-25T22:25:47.835Z] assigned listening specs for emulators {"user":{"hub":[{"address":"127.0.0.1","family":"IPv4","port":4400},{"address":"::1","family":"IPv6","port":4400}],"ui":[{"address":"127.0.0.1","family":"IPv4","port":4000},{"address":"::1","family":"IPv6","port":4000}],"logging":[{"address":"127.0.0.1","family":"IPv4","port":4500}]},"metadata":{"message":"assigned listening specs for emulators"}}
[debug] [2023-12-25T22:25:47.849Z] [hub] writing locator at C:\Users\SamWell\AppData\Local\Temp\hub-clon-c5324.json
[debug] [2023-12-25T22:25:47.885Z] [functions] Functions Emulator only supports listening on one address (127.0.0.1). Not listening on ::1
[debug] [2023-12-25T22:25:47.886Z] [eventarc] Eventarc Emulator only supports listening on one address (127.0.0.1). Not listening on ::1
[debug] [2023-12-25T22:25:47.886Z] late-assigned ports for functions and eventarc emulators {"user":{"hub":[{"address":"127.0.0.1","family":"IPv4","port":4400},{"address":"::1","family":"IPv6","port":4400}],"ui":[{"address":"127.0.0.1","family":"IPv4","port":4000},{"address":"::1","family":"IPv6","port":4000}],"logging":[{"address":"127.0.0.1","family":"IPv4","port":4500}],"functions":[{"address":"127.0.0.1","family":"IPv4","port":5001}],"eventarc":[{"address":"127.0.0.1","family":"IPv4","port":9299}]},"metadata":{"message":"late-assigned ports for functions and eventarc emulators"}}
[warn] !  functions: The following emulators are not running, calls to these services from the Functions emulator will affect production: auth, firestore, database, hosting, pubsub, storage {"metadata":{"emulator":{"name":"functions"},"message":"The following emulators are not running, calls to these services from the Functions emulator will affect production: \u001b[1mauth, firestore, database, hosting, pubsub, storage\u001b[22m"}}
[debug] [2023-12-25T22:25:47.891Z] defaultcredentials: writing to file C:\Users\SamWell\AppData\Roaming\firebase\samwell923_gmail_com_application_default_credentials.json
[debug] [2023-12-25T22:25:47.912Z] Setting GAC to C:\Users\SamWell\AppData\Roaming\firebase\samwell923_gmail_com_application_default_credentials.json {"metadata":{"emulator":{"name":"functions"},"message":"Setting GAC to C:\\Users\\SamWell\\AppData\\Roaming\\firebase\\samwell923_gmail_com_application_default_credentials.json"}}
[debug] [2023-12-25T22:25:47.915Z] >>> [apiv2][query] GET https://firebase.googleapis.com/v1beta1/projects/clon-c5324/adminSdkConfig [none]
[debug] [2023-12-25T22:25:48.348Z] <<< [apiv2][status] GET https://firebase.googleapis.com/v1beta1/projects/clon-c5324/adminSdkConfig 200
[debug] [2023-12-25T22:25:48.348Z] <<< [apiv2][body] GET https://firebase.googleapis.com/v1beta1/projects/clon-c5324/adminSdkConfig {"projectId":"clon-c5324","storageBucket":"clon-c5324.appspot.com"}
[debug] [2023-12-25T22:25:48.377Z] Ignoring unsupported arg: auto_download {"metadata":{"emulator":{"name":"ui"},"message":"Ignoring unsupported arg: auto_download"}}
[debug] [2023-12-25T22:25:48.377Z] Ignoring unsupported arg: port {"metadata":{"emulator":{"name":"ui"},"message":"Ignoring unsupported arg: port"}}
[debug] [2023-12-25T22:25:48.377Z] Starting Emulator UI with command {"binary":"node","args":["C:\\Users\\SamWell\\.cache\\firebase\\emulators\\ui-v1.11.7\\server\\server.js"],"optionalArgs":[],"joinArgs":false} {"metadata":{"emulator":{"name":"ui"},"message":"Starting Emulator UI with command {\"binary\":\"node\",\"args\":[\"C:\\\\Users\\\\SamWell\\\\.cache\\\\firebase\\\\emulators\\\\ui-v1.11.7\\\\server\\\\server.js\"],\"optionalArgs\":[],\"joinArgs\":false}"}}
[info] i  ui: Emulator UI logging to ui-debug.log {"metadata":{"emulator":{"name":"ui"},"message":"Emulator UI logging to \u001b[1mui-debug.log\u001b[22m"}}
[debug] [2023-12-25T22:25:48.575Z] Web / API server started at 127.0.0.1:4000
 {"metadata":{"emulator":{"name":"ui"},"message":"Web / API server started at 127.0.0.1:4000\n"}}
[debug] [2023-12-25T22:25:48.575Z] Web / API server started at ::1:4000
 {"metadata":{"emulator":{"name":"ui"},"message":"Web / API server started at ::1:4000\n"}}
[info] i  functions: Watching "C:\Users\SamWell\OneDrive\Desktop\EVANGADI fullstack web development\Phase-3\Projects\Amazon-Clone\amazon-clon-project\amazon-clon-project\functions" for Cloud Functions... {"metadata":{"emulator":{"name":"functions"},"message":"Watching \"C:\\Users\\SamWell\\OneDrive\\Desktop\\EVANGADI fullstack web development\\Phase-3\\Projects\\Amazon-Clone\\amazon-clon-project\\amazon-clon-project\\functions\" for Cloud Functions..."}}
[debug] [2023-12-25T22:25:48.683Z] Validating nodejs source
[debug] [2023-12-25T22:25:51.506Z] > [functions] package.json contents: {
  "name": "functions",
  "description": "Cloud Functions for Firebase",
  "scripts": {
    "lint": "eslint .",
    "serve": "firebase emulators:start --only functions",
    "shell": "firebase functions:shell",
    "start": "npm run shell",
    "deploy": "firebase deploy --only functions",
    "logs": "firebase functions:log"
  },
  "engines": {
    "node": "18"
  },
  "main": "index.js",
  "dependencies": {
    "cors": "^2.8.5",
    "express": "^4.18.2",
    "firebase-admin": "^11.8.0",
    "firebase-functions": "^4.3.1",
    "stripe": "^14.9.0"
  },
  "devDependencies": {
    "eslint": "^8.15.0",
    "eslint-config-google": "^0.14.0",
    "firebase-functions-test": "^3.1.0"
  },
  "private": true
}
[debug] [2023-12-25T22:25:51.507Z] Building nodejs source
[debug] [2023-12-25T22:25:51.507Z] Failed to find version of module node: reached end of search path C:\Users\SamWell\OneDrive\Desktop\EVANGADI fullstack web development\Phase-3\Projects\Amazon-Clone\amazon-clon-project\amazon-clon-project\functions\node_modules
[warn] !  functions: Your requested "node" version "18" doesn't match your global version "20". Using node@20 from host. 
[debug] [2023-12-25T22:25:51.511Z] Could not find functions.yaml. Must use http discovery
[debug] [2023-12-25T22:25:51.520Z] Found firebase-functions binary at 'C:\Users\SamWell\OneDrive\Desktop\EVANGADI fullstack web development\Phase-3\Projects\Amazon-Clone\amazon-clon-project\amazon-clon-project\functions\node_modules\.bin\firebase-functions'
[info] Serving at port 8792

[debug] [2023-12-25T22:25:52.915Z] Got response from /__/functions.yaml {"endpoints":{"api":{"platform":"gcfv1","availableMemoryMb":null,"timeoutSeconds":null,"minInstances":null,"maxInstances":null,"ingressSettings":null,"serviceAccountEmail":null,"vpc":null,"httpsTrigger":{},"entryPoint":"api"}},"specVersion":"v1alpha1","requiredAPIs":[]}
[info] +  functions: Loaded functions definitions from source: api. {"metadata":{"emulator":{"name":"functions"},"message":"Loaded functions definitions from source: api."}}
[info] +  functions[us-central1-api]: http function initialized (http://127.0.0.1:5001/clon-c5324/us-central1/api). {"metadata":{"emulator":{"name":"functions"},"message":"\u001b[1mhttp\u001b[22m function initialized (http://127.0.0.1:5001/clon-c5324/us-central1/api)."}}
[info] 
┌─────────────────────────────────────────────────────────────┐
│ ✔  All emulators ready! It is now safe to connect your app. │
│ i  View Emulator UI at http://127.0.0.1:4000/               │
└─────────────────────────────────────────────────────────────┘

┌───────────┬────────────────┬─────────────────────────────────┐
│ Emulator  │ Host:Port      │ View in Emulator UI             │
├───────────┼────────────────┼─────────────────────────────────┤
│ Functions │ 127.0.0.1:5001 │ http://127.0.0.1:4000/functions │
└───────────┴────────────────┴─────────────────────────────────┘
  Emulator Hub running at 127.0.0.1:4400
  Other reserved ports: 4500

Issues? Report them at https://github.com/firebase/firebase-tools/issues and attach the *-debug.log files.
 
[debug] [2023-12-25T22:26:25.596Z] [work-queue] {"queuedWork":["/clon-c5324/us-central1/api/payments/create-2023-12-25T22:26:25.596Z"],"queueLength":1,"runningWork":[],"workRunningCount":0}
[debug] [2023-12-25T22:26:25.598Z] [work-queue] {"queuedWork":[],"queueLength":0,"runningWork":["/clon-c5324/us-central1/api/payments/create-2023-12-25T22:26:25.596Z"],"workRunningCount":1}
[debug] [2023-12-25T22:26:25.599Z] Accepted request POST /clon-c5324/us-central1/api/payments/create?total=11992 --> us-central1-api
[debug] [2023-12-25T22:26:25.601Z] [functions] Runtime ready! Sending request! {"metadata":{"emulator":{"name":"functions"},"message":"[functions] Runtime ready! Sending request!"}}
[debug] [2023-12-25T22:26:25.602Z] [functions] Got req.url=/clon-c5324/us-central1/api/payments/create?total=11992, mapping to path=/payments/create?total=11992 {"metadata":{"emulator":{"name":"functions"},"message":"[functions] Got req.url=/clon-c5324/us-central1/api/payments/create?total=11992, mapping to path=/payments/create?total=11992"}}
[debug] [2023-12-25T22:26:25.654Z] [worker-pool] addWorker(us-central1-api) {"metadata":{"emulator":{"name":"functions"},"message":"[worker-pool] addWorker(us-central1-api)"}}
[debug] [2023-12-25T22:26:25.656Z] [worker-pool] Adding worker with key us-central1-api, total=1 {"metadata":{"emulator":{"name":"functions"},"message":"[worker-pool] Adding worker with key us-central1-api, total=1"}}
[debug] [2023-12-25T22:26:25.664Z] [work-queue] {"queuedWork":["/clon-c5324/us-central1/api/payments/create-2023-12-25T22:26:25.664Z"],"queueLength":1,"runningWork":["/clon-c5324/us-central1/api/payments/create-2023-12-25T22:26:25.596Z"],"workRunningCount":1}
[debug] [2023-12-25T22:26:25.665Z] [work-queue] {"queuedWork":[],"queueLength":0,"runningWork":["/clon-c5324/us-central1/api/payments/create-2023-12-25T22:26:25.596Z","/clon-c5324/us-central1/api/payments/create-2023-12-25T22:26:25.664Z"],"workRunningCount":2}
[debug] [2023-12-25T22:26:25.665Z] Accepted request POST /clon-c5324/us-central1/api/payments/create?total=11992 --> us-central1-api
[debug] [2023-12-25T22:26:25.666Z] [functions] Runtime ready! Sending request! {"metadata":{"emulator":{"name":"functions"},"message":"[functions] Runtime ready! Sending request!"}}
[debug] [2023-12-25T22:26:25.666Z] [functions] Got req.url=/clon-c5324/us-central1/api/payments/create?total=11992, mapping to path=/payments/create?total=11992 {"metadata":{"emulator":{"name":"functions"},"message":"[functions] Got req.url=/clon-c5324/us-central1/api/payments/create?total=11992, mapping to path=/payments/create?total=11992"}}
[debug] [2023-12-25T22:26:25.697Z] [worker-pool] addWorker(us-central1-api) {"metadata":{"emulator":{"name":"functions"},"message":"[worker-pool] addWorker(us-central1-api)"}}
[debug] [2023-12-25T22:26:25.698Z] [worker-pool] Adding worker with key us-central1-api, total=2 {"metadata":{"emulator":{"name":"functions"},"message":"[worker-pool] Adding worker with key us-central1-api, total=2"}}
[debug] [2023-12-25T22:26:28.587Z] [runtime-status] [30600] Resolved module firebase-admin {"declared":true,"installed":true,"version":"11.11.1","resolution":"C:\\Users\\SamWell\\OneDrive\\Desktop\\EVANGADI fullstack web development\\Phase-3\\Projects\\Amazon-Clone\\amazon-clon-project\\amazon-clon-project\\functions\\node_modules\\firebase-admin\\lib\\index.js"} {"metadata":{"emulator":{"name":"functions"},"function":{"name":"us-central1-api"},"extension":{},"message":"[runtime-status] [30600] Resolved module firebase-admin {\"declared\":true,\"installed\":true,\"version\":\"11.11.1\",\"resolution\":\"C:\\\\Users\\\\SamWell\\\\OneDrive\\\\Desktop\\\\EVANGADI fullstack web development\\\\Phase-3\\\\Projects\\\\Amazon-Clone\\\\amazon-clon-project\\\\amazon-clon-project\\\\functions\\\\node_modules\\\\firebase-admin\\\\lib\\\\index.js\"}"}}
[debug] [2023-12-25T22:26:28.587Z] [runtime-status] [29840] Resolved module firebase-admin {"declared":true,"installed":true,"version":"11.11.1","resolution":"C:\\Users\\SamWell\\OneDrive\\Desktop\\EVANGADI fullstack web development\\Phase-3\\Projects\\Amazon-Clone\\amazon-clon-project\\amazon-clon-project\\functions\\node_modules\\firebase-admin\\lib\\index.js"} {"metadata":{"emulator":{"name":"functions"},"function":{"name":"us-central1-api"},"extension":{},"message":"[runtime-status] [29840] Resolved module firebase-admin {\"declared\":true,\"installed\":true,\"version\":\"11.11.1\",\"resolution\":\"C:\\\\Users\\\\SamWell\\\\OneDrive\\\\Desktop\\\\EVANGADI fullstack web development\\\\Phase-3\\\\Projects\\\\Amazon-Clone\\\\amazon-clon-project\\\\amazon-clon-project\\\\functions\\\\node_modules\\\\firebase-admin\\\\lib\\\\index.js\"}"}}
[debug] [2023-12-25T22:26:28.588Z] [runtime-status] [29840] Resolved module firebase-functions {"declared":true,"installed":true,"version":"4.5.0","resolution":"C:\\Users\\SamWell\\OneDrive\\Desktop\\EVANGADI fullstack web development\\Phase-3\\Projects\\Amazon-Clone\\amazon-clon-project\\amazon-clon-project\\functions\\node_modules\\firebase-functions\\lib\\v1\\index.js"} {"metadata":{"emulator":{"name":"functions"},"function":{"name":"us-central1-api"},"extension":{},"message":"[runtime-status] [29840] Resolved module firebase-functions {\"declared\":true,\"installed\":true,\"version\":\"4.5.0\",\"resolution\":\"C:\\\\Users\\\\SamWell\\\\OneDrive\\\\Desktop\\\\EVANGADI fullstack web development\\\\Phase-3\\\\Projects\\\\Amazon-Clone\\\\amazon-clon-project\\\\amazon-clon-project\\\\functions\\\\node_modules\\\\firebase-functions\\\\lib\\\\v1\\\\index.js\"}"}}
[debug] [2023-12-25T22:26:28.589Z] [runtime-status] [29840] Outgoing network have been stubbed. [{"name":"http","status":"mocked"},{"name":"http","status":"mocked"},{"name":"https","status":"mocked"},{"name":"https","status":"mocked"},{"name":"net","status":"mocked"}] {"metadata":{"emulator":{"name":"functions"},"function":{"name":"us-central1-api"},"extension":{},"message":"[runtime-status] [29840] Outgoing network have been stubbed. [{\"name\":\"http\",\"status\":\"mocked\"},{\"name\":\"http\",\"status\":\"mocked\"},{\"name\":\"https\",\"status\":\"mocked\"},{\"name\":\"https\",\"status\":\"mocked\"},{\"name\":\"net\",\"status\":\"mocked\"}]"}}
[debug] [2023-12-25T22:26:28.590Z] [runtime-status] [29840] Resolved module firebase-functions {"declared":true,"installed":true,"version":"4.5.0","resolution":"C:\\Users\\SamWell\\OneDrive\\Desktop\\EVANGADI fullstack web development\\Phase-3\\Projects\\Amazon-Clone\\amazon-clon-project\\amazon-clon-project\\functions\\node_modules\\firebase-functions\\lib\\v1\\index.js"} {"metadata":{"emulator":{"name":"functions"},"function":{"name":"us-central1-api"},"extension":{},"message":"[runtime-status] [29840] Resolved module firebase-functions {\"declared\":true,\"installed\":true,\"version\":\"4.5.0\",\"resolution\":\"C:\\\\Users\\\\SamWell\\\\OneDrive\\\\Desktop\\\\EVANGADI fullstack web development\\\\Phase-3\\\\Projects\\\\Amazon-Clone\\\\amazon-clon-project\\\\amazon-clon-project\\\\functions\\\\node_modules\\\\firebase-functions\\\\lib\\\\v1\\\\index.js\"}"}}
[debug] [2023-12-25T22:26:28.590Z] [runtime-status] [30600] Resolved module firebase-functions {"declared":true,"installed":true,"version":"4.5.0","resolution":"C:\\Users\\SamWell\\OneDrive\\Desktop\\EVANGADI fullstack web development\\Phase-3\\Projects\\Amazon-Clone\\amazon-clon-project\\amazon-clon-project\\functions\\node_modules\\firebase-functions\\lib\\v1\\index.js"} {"metadata":{"emulator":{"name":"functions"},"function":{"name":"us-central1-api"},"extension":{},"message":"[runtime-status] [30600] Resolved module firebase-functions {\"declared\":true,\"installed\":true,\"version\":\"4.5.0\",\"resolution\":\"C:\\\\Users\\\\SamWell\\\\OneDrive\\\\Desktop\\\\EVANGADI fullstack web development\\\\Phase-3\\\\Projects\\\\Amazon-Clone\\\\amazon-clon-project\\\\amazon-clon-project\\\\functions\\\\node_modules\\\\firebase-functions\\\\lib\\\\v1\\\\index.js\"}"}}
[debug] [2023-12-25T22:26:28.590Z] [runtime-status] [30600] Outgoing network have been stubbed. [{"name":"http","status":"mocked"},{"name":"http","status":"mocked"},{"name":"https","status":"mocked"},{"name":"https","status":"mocked"},{"name":"net","status":"mocked"}] {"metadata":{"emulator":{"name":"functions"},"function":{"name":"us-central1-api"},"extension":{},"message":"[runtime-status] [30600] Outgoing network have been stubbed. [{\"name\":\"http\",\"status\":\"mocked\"},{\"name\":\"http\",\"status\":\"mocked\"},{\"name\":\"https\",\"status\":\"mocked\"},{\"name\":\"https\",\"status\":\"mocked\"},{\"name\":\"net\",\"status\":\"mocked\"}]"}}
[debug] [2023-12-25T22:26:28.591Z] [runtime-status] [30600] Resolved module firebase-functions {"declared":true,"installed":true,"version":"4.5.0","resolution":"C:\\Users\\SamWell\\OneDrive\\Desktop\\EVANGADI fullstack web development\\Phase-3\\Projects\\Amazon-Clone\\amazon-clon-project\\amazon-clon-project\\functions\\node_modules\\firebase-functions\\lib\\v1\\index.js"} {"metadata":{"emulator":{"name":"functions"},"function":{"name":"us-central1-api"},"extension":{},"message":"[runtime-status] [30600] Resolved module firebase-functions {\"declared\":true,\"installed\":true,\"version\":\"4.5.0\",\"resolution\":\"C:\\\\Users\\\\SamWell\\\\OneDrive\\\\Desktop\\\\EVANGADI fullstack web development\\\\Phase-3\\\\Projects\\\\Amazon-Clone\\\\amazon-clon-project\\\\amazon-clon-project\\\\functions\\\\node_modules\\\\firebase-functions\\\\lib\\\\v1\\\\index.js\"}"}}
[debug] [2023-12-25T22:26:29.115Z] [runtime-status] [29840] Checked functions.config() {"config":{}} {"metadata":{"emulator":{"name":"functions"},"function":{"name":"us-central1-api"},"extension":{},"message":"[runtime-status] [29840] Checked functions.config() {\"config\":{}}"}}
[debug] [2023-12-25T22:26:29.116Z] [runtime-status] [30600] Checked functions.config() {"config":{}} {"metadata":{"emulator":{"name":"functions"},"function":{"name":"us-central1-api"},"extension":{},"message":"[runtime-status] [30600] Checked functions.config() {\"config\":{}}"}}
[debug] [2023-12-25T22:26:29.117Z] [runtime-status] [30600] firebase-functions has been stubbed. {"functionsResolution":{"declared":true,"installed":true,"version":"4.5.0","resolution":"C:\\Users\\SamWell\\OneDrive\\Desktop\\EVANGADI fullstack web development\\Phase-3\\Projects\\Amazon-Clone\\amazon-clon-project\\amazon-clon-project\\functions\\node_modules\\firebase-functions\\lib\\v1\\index.js"}} {"metadata":{"emulator":{"name":"functions"},"function":{"name":"us-central1-api"},"extension":{},"message":"[runtime-status] [30600] firebase-functions has been stubbed. {\"functionsResolution\":{\"declared\":true,\"installed\":true,\"version\":\"4.5.0\",\"resolution\":\"C:\\\\Users\\\\SamWell\\\\OneDrive\\\\Desktop\\\\EVANGADI fullstack web development\\\\Phase-3\\\\Projects\\\\Amazon-Clone\\\\amazon-clon-project\\\\amazon-clon-project\\\\functions\\\\node_modules\\\\firebase-functions\\\\lib\\\\v1\\\\index.js\"}}"}}
[debug] [2023-12-25T22:26:29.118Z] [runtime-status] [29840] firebase-functions has been stubbed. {"functionsResolution":{"declared":true,"installed":true,"version":"4.5.0","resolution":"C:\\Users\\SamWell\\OneDrive\\Desktop\\EVANGADI fullstack web development\\Phase-3\\Projects\\Amazon-Clone\\amazon-clon-project\\amazon-clon-project\\functions\\node_modules\\firebase-functions\\lib\\v1\\index.js"}} {"metadata":{"emulator":{"name":"functions"},"function":{"name":"us-central1-api"},"extension":{},"message":"[runtime-status] [29840] firebase-functions has been stubbed. {\"functionsResolution\":{\"declared\":true,\"installed\":true,\"version\":\"4.5.0\",\"resolution\":\"C:\\\\Users\\\\SamWell\\\\OneDrive\\\\Desktop\\\\EVANGADI fullstack web development\\\\Phase-3\\\\Projects\\\\Amazon-Clone\\\\amazon-clon-project\\\\amazon-clon-project\\\\functions\\\\node_modules\\\\firebase-functions\\\\lib\\\\v1\\\\index.js\"}}"}}
[debug] [2023-12-25T22:26:29.118Z] [runtime-status] [29840] Resolved module firebase-functions {"declared":true,"installed":true,"version":"4.5.0","resolution":"C:\\Users\\SamWell\\OneDrive\\Desktop\\EVANGADI fullstack web development\\Phase-3\\Projects\\Amazon-Clone\\amazon-clon-project\\amazon-clon-project\\functions\\node_modules\\firebase-functions\\lib\\v1\\index.js"} {"metadata":{"emulator":{"name":"functions"},"function":{"name":"us-central1-api"},"extension":{},"message":"[runtime-status] [29840] Resolved module firebase-functions {\"declared\":true,\"installed\":true,\"version\":\"4.5.0\",\"resolution\":\"C:\\\\Users\\\\SamWell\\\\OneDrive\\\\Desktop\\\\EVANGADI fullstack web development\\\\Phase-3\\\\Projects\\\\Amazon-Clone\\\\amazon-clon-project\\\\amazon-clon-project\\\\functions\\\\node_modules\\\\firebase-functions\\\\lib\\\\v1\\\\index.js\"}"}}
[debug] [2023-12-25T22:26:29.120Z] [runtime-status] [30600] Resolved module firebase-functions {"declared":true,"installed":true,"version":"4.5.0","resolution":"C:\\Users\\SamWell\\OneDrive\\Desktop\\EVANGADI fullstack web development\\Phase-3\\Projects\\Amazon-Clone\\amazon-clon-project\\amazon-clon-project\\functions\\node_modules\\firebase-functions\\lib\\v1\\index.js"} {"metadata":{"emulator":{"name":"functions"},"function":{"name":"us-central1-api"},"extension":{},"message":"[runtime-status] [30600] Resolved module firebase-functions {\"declared\":true,\"installed\":true,\"version\":\"4.5.0\",\"resolution\":\"C:\\\\Users\\\\SamWell\\\\OneDrive\\\\Desktop\\\\EVANGADI fullstack web development\\\\Phase-3\\\\Projects\\\\Amazon-Clone\\\\amazon-clon-project\\\\amazon-clon-project\\\\functions\\\\node_modules\\\\firebase-functions\\\\lib\\\\v1\\\\index.js\"}"}}
[debug] [2023-12-25T22:26:29.121Z] [runtime-status] [30600] Resolved module firebase-admin {"declared":true,"installed":true,"version":"11.11.1","resolution":"C:\\Users\\SamWell\\OneDrive\\Desktop\\EVANGADI fullstack web development\\Phase-3\\Projects\\Amazon-Clone\\amazon-clon-project\\amazon-clon-project\\functions\\node_modules\\firebase-admin\\lib\\index.js"} {"metadata":{"emulator":{"name":"functions"},"function":{"name":"us-central1-api"},"extension":{},"message":"[runtime-status] [30600] Resolved module firebase-admin {\"declared\":true,\"installed\":true,\"version\":\"11.11.1\",\"resolution\":\"C:\\\\Users\\\\SamWell\\\\OneDrive\\\\Desktop\\\\EVANGADI fullstack web development\\\\Phase-3\\\\Projects\\\\Amazon-Clone\\\\amazon-clon-project\\\\amazon-clon-project\\\\functions\\\\node_modules\\\\firebase-admin\\\\lib\\\\index.js\"}"}}
[debug] [2023-12-25T22:26:29.122Z] [runtime-status] [29840] Resolved module firebase-admin {"declared":true,"installed":true,"version":"11.11.1","resolution":"C:\\Users\\SamWell\\OneDrive\\Desktop\\EVANGADI fullstack web development\\Phase-3\\Projects\\Amazon-Clone\\amazon-clon-project\\amazon-clon-project\\functions\\node_modules\\firebase-admin\\lib\\index.js"} {"metadata":{"emulator":{"name":"functions"},"function":{"name":"us-central1-api"},"extension":{},"message":"[runtime-status] [29840] Resolved module firebase-admin {\"declared\":true,\"installed\":true,\"version\":\"11.11.1\",\"resolution\":\"C:\\\\Users\\\\SamWell\\\\OneDrive\\\\Desktop\\\\EVANGADI fullstack web development\\\\Phase-3\\\\Projects\\\\Amazon-Clone\\\\amazon-clon-project\\\\amazon-clon-project\\\\functions\\\\node_modules\\\\firebase-admin\\\\lib\\\\index.js\"}"}}
[debug] [2023-12-25T22:26:29.126Z] [runtime-status] [29840] Resolved module firebase-functions {"declared":true,"installed":true,"version":"4.5.0","resolution":"C:\\Users\\SamWell\\OneDrive\\Desktop\\EVANGADI fullstack web development\\Phase-3\\Projects\\Amazon-Clone\\amazon-clon-project\\amazon-clon-project\\functions\\node_modules\\firebase-functions\\lib\\v1\\index.js"} {"metadata":{"emulator":{"name":"functions"},"function":{"name":"us-central1-api"},"extension":{},"message":"[runtime-status] [29840] Resolved module firebase-functions {\"declared\":true,\"installed\":true,\"version\":\"4.5.0\",\"resolution\":\"C:\\\\Users\\\\SamWell\\\\OneDrive\\\\Desktop\\\\EVANGADI fullstack web development\\\\Phase-3\\\\Projects\\\\Amazon-Clone\\\\amazon-clon-project\\\\amazon-clon-project\\\\functions\\\\node_modules\\\\firebase-functions\\\\lib\\\\v1\\\\index.js\"}"}}
[debug] [2023-12-25T22:26:29.127Z] [runtime-status] [30600] Resolved module firebase-functions {"declared":true,"installed":true,"version":"4.5.0","resolution":"C:\\Users\\SamWell\\OneDrive\\Desktop\\EVANGADI fullstack web development\\Phase-3\\Projects\\Amazon-Clone\\amazon-clon-project\\amazon-clon-project\\functions\\node_modules\\firebase-functions\\lib\\v1\\index.js"} {"metadata":{"emulator":{"name":"functions"},"function":{"name":"us-central1-api"},"extension":{},"message":"[runtime-status] [30600] Resolved module firebase-functions {\"declared\":true,\"installed\":true,\"version\":\"4.5.0\",\"resolution\":\"C:\\\\Users\\\\SamWell\\\\OneDrive\\\\Desktop\\\\EVANGADI fullstack web development\\\\Phase-3\\\\Projects\\\\Amazon-Clone\\\\amazon-clon-project\\\\amazon-clon-project\\\\functions\\\\node_modules\\\\firebase-functions\\\\lib\\\\v1\\\\index.js\"}"}}
[debug] [2023-12-25T22:26:29.127Z] [runtime-status] [30600] firebase-admin has been stubbed. {"adminResolution":{"declared":true,"installed":true,"version":"11.11.1","resolution":"C:\\Users\\SamWell\\OneDrive\\Desktop\\EVANGADI fullstack web development\\Phase-3\\Projects\\Amazon-Clone\\amazon-clon-project\\amazon-clon-project\\functions\\node_modules\\firebase-admin\\lib\\index.js"}} {"metadata":{"emulator":{"name":"functions"},"function":{"name":"us-central1-api"},"extension":{},"message":"[runtime-status] [30600] firebase-admin has been stubbed. {\"adminResolution\":{\"declared\":true,\"installed\":true,\"version\":\"11.11.1\",\"resolution\":\"C:\\\\Users\\\\SamWell\\\\OneDrive\\\\Desktop\\\\EVANGADI fullstack web development\\\\Phase-3\\\\Projects\\\\Amazon-Clone\\\\amazon-clon-project\\\\amazon-clon-project\\\\functions\\\\node_modules\\\\firebase-admin\\\\lib\\\\index.js\"}}"}}
[debug] [2023-12-25T22:26:29.128Z] [runtime-status] [29840] firebase-admin has been stubbed. {"adminResolution":{"declared":true,"installed":true,"version":"11.11.1","resolution":"C:\\Users\\SamWell\\OneDrive\\Desktop\\EVANGADI fullstack web development\\Phase-3\\Projects\\Amazon-Clone\\amazon-clon-project\\amazon-clon-project\\functions\\node_modules\\firebase-admin\\lib\\index.js"}} {"metadata":{"emulator":{"name":"functions"},"function":{"name":"us-central1-api"},"extension":{},"message":"[runtime-status] [29840] firebase-admin has been stubbed. {\"adminResolution\":{\"declared\":true,\"installed\":true,\"version\":\"11.11.1\",\"resolution\":\"C:\\\\Users\\\\SamWell\\\\OneDrive\\\\Desktop\\\\EVANGADI fullstack web development\\\\Phase-3\\\\Projects\\\\Amazon-Clone\\\\amazon-clon-project\\\\amazon-clon-project\\\\functions\\\\node_modules\\\\firebase-admin\\\\lib\\\\index.js\"}}"}}
[debug] [2023-12-25T22:26:29.660Z] [runtime-status] [30600] Functions runtime initialized. {"cwd":"C:\\Users\\SamWell\\OneDrive\\Desktop\\EVANGADI fullstack web development\\Phase-3\\Projects\\Amazon-Clone\\amazon-clon-project\\amazon-clon-project\\functions","node_version":"20.10.0"} {"metadata":{"emulator":{"name":"functions"},"function":{"name":"us-central1-api"},"extension":{},"message":"[runtime-status] [30600] Functions runtime initialized. {\"cwd\":\"C:\\\\Users\\\\SamWell\\\\OneDrive\\\\Desktop\\\\EVANGADI fullstack web development\\\\Phase-3\\\\Projects\\\\Amazon-Clone\\\\amazon-clon-project\\\\amazon-clon-project\\\\functions\",\"node_version\":\"20.10.0\"}"}}
[debug] [2023-12-25T22:26:29.661Z] [runtime-status] [29840] Functions runtime initialized. {"cwd":"C:\\Users\\SamWell\\OneDrive\\Desktop\\EVANGADI fullstack web development\\Phase-3\\Projects\\Amazon-Clone\\amazon-clon-project\\amazon-clon-project\\functions","node_version":"20.10.0"} {"metadata":{"emulator":{"name":"functions"},"function":{"name":"us-central1-api"},"extension":{},"message":"[runtime-status] [29840] Functions runtime initialized. {\"cwd\":\"C:\\\\Users\\\\SamWell\\\\OneDrive\\\\Desktop\\\\EVANGADI fullstack web development\\\\Phase-3\\\\Projects\\\\Amazon-Clone\\\\amazon-clon-project\\\\amazon-clon-project\\\\functions\",\"node_version\":\"20.10.0\"}"}}
[debug] [2023-12-25T22:26:29.661Z] [runtime-status] [29840] Listening to port: \\?\pipe\fire_emu_6303afce51174815 {"metadata":{"emulator":{"name":"functions"},"function":{"name":"us-central1-api"},"extension":{},"message":"[runtime-status] [29840] Listening to port: \\\\?\\pipe\\fire_emu_6303afce51174815"}}
[debug] [2023-12-25T22:26:29.662Z] [runtime-status] [30600] Listening to port: \\?\pipe\fire_emu_deb19b2030465a57 {"metadata":{"emulator":{"name":"functions"},"function":{"name":"us-central1-api"},"extension":{},"message":"[runtime-status] [30600] Listening to port: \\\\?\\pipe\\fire_emu_deb19b2030465a57"}}
[debug] [2023-12-25T22:26:29.695Z] [worker-us-central1-api-a22b474c-c5c8-4d63-910c-ce5fcbf04e37]: IDLE {"metadata":{"emulator":{"name":"functions"},"function":{"name":"us-central1-api"},"extension":{},"message":"[worker-us-central1-api-a22b474c-c5c8-4d63-910c-ce5fcbf04e37]: IDLE"}}
[debug] [2023-12-25T22:26:29.695Z] [worker-pool] submitRequest(triggerId=us-central1-api) {"metadata":{"emulator":{"name":"functions"},"message":"[worker-pool] submitRequest(triggerId=us-central1-api)"}}
[info] i  functions: Beginning execution of "us-central1-api" {"metadata":{"emulator":{"name":"functions"},"function":{"name":"us-central1-api"},"extension":{},"message":"Beginning execution of \"us-central1-api\""}}
[debug] [2023-12-25T22:26:29.698Z] [worker-us-central1-api-a22b474c-c5c8-4d63-910c-ce5fcbf04e37]: BUSY {"metadata":{"emulator":{"name":"functions"},"function":{"name":"us-central1-api"},"extension":{},"message":"[worker-us-central1-api-a22b474c-c5c8-4d63-910c-ce5fcbf04e37]: BUSY"}}
[info] >  Payment Request Recieved for this amount >>> 11992 {"user":"Payment Request Recieved for this amount >>> 11992","metadata":{"emulator":{"name":"functions"},"function":{"name":"us-central1-api"},"extension":{},"message":"\u001b[90m> \u001b[39m Payment Request Recieved for this amount >>> 11992"}}
[debug] [2023-12-25T22:26:29.736Z] [worker-us-central1-api-510a48ed-3e2f-4602-a38f-205619548cf7]: IDLE {"metadata":{"emulator":{"name":"functions"},"function":{"name":"us-central1-api"},"extension":{},"message":"[worker-us-central1-api-510a48ed-3e2f-4602-a38f-205619548cf7]: IDLE"}}
[debug] [2023-12-25T22:26:29.736Z] [worker-pool] submitRequest(triggerId=us-central1-api) {"metadata":{"emulator":{"name":"functions"},"message":"[worker-pool] submitRequest(triggerId=us-central1-api)"}}
[info] i  functions: Beginning execution of "us-central1-api" {"metadata":{"emulator":{"name":"functions"},"function":{"name":"us-central1-api"},"extension":{},"message":"Beginning execution of \"us-central1-api\""}}
[debug] [2023-12-25T22:26:29.738Z] [worker-us-central1-api-510a48ed-3e2f-4602-a38f-205619548cf7]: BUSY {"metadata":{"emulator":{"name":"functions"},"function":{"name":"us-central1-api"},"extension":{},"message":"[worker-us-central1-api-510a48ed-3e2f-4602-a38f-205619548cf7]: BUSY"}}
[info] >  Payment Request Recieved for this amount >>> 11992 {"user":"Payment Request Recieved for this amount >>> 11992","metadata":{"emulator":{"name":"functions"},"function":{"name":"us-central1-api"},"extension":{},"message":"\u001b[90m> \u001b[39m Payment Request Recieved for this amount >>> 11992"}}
[debug] [2023-12-25T22:26:30.364Z] Finishing up request with event=pause {"metadata":{"emulator":{"name":"functions"},"function":{"name":"us-central1-api"},"extension":{},"message":"Finishing up request with event=pause"}}
[info] i  functions: Finished "us-central1-api" in 666.6071ms {"metadata":{"emulator":{"name":"functions"},"function":{"name":"us-central1-api"},"extension":{},"message":"Finished \"us-central1-api\" in 666.6071ms"}}
[debug] [2023-12-25T22:26:30.366Z] [worker-us-central1-api-a22b474c-c5c8-4d63-910c-ce5fcbf04e37]: IDLE {"metadata":{"emulator":{"name":"functions"},"function":{"name":"us-central1-api"},"extension":{},"message":"[worker-us-central1-api-a22b474c-c5c8-4d63-910c-ce5fcbf04e37]: IDLE"}}
[debug] [2023-12-25T22:26:30.366Z] Finishing up request with event=finish {"metadata":{"emulator":{"name":"functions"},"function":{"name":"us-central1-api"},"extension":{},"message":"Finishing up request with event=finish"}}
[debug] [2023-12-25T22:26:30.367Z] Finishing up request with event=close {"metadata":{"emulator":{"name":"functions"},"function":{"name":"us-central1-api"},"extension":{},"message":"Finishing up request with event=close"}}
[debug] [2023-12-25T22:26:30.367Z] [work-queue] {"queuedWork":[],"queueLength":0,"runningWork":["/clon-c5324/us-central1/api/payments/create-2023-12-25T22:26:25.664Z"],"workRunningCount":1}
[debug] [2023-12-25T22:26:30.370Z] Finishing up request with event=pause {"metadata":{"emulator":{"name":"functions"},"function":{"name":"us-central1-api"},"extension":{},"message":"Finishing up request with event=pause"}}
[info] i  functions: Finished "us-central1-api" in 632.5687ms {"metadata":{"emulator":{"name":"functions"},"function":{"name":"us-central1-api"},"extension":{},"message":"Finished \"us-central1-api\" in 632.5687ms"}}
[debug] [2023-12-25T22:26:30.372Z] [worker-us-central1-api-510a48ed-3e2f-4602-a38f-205619548cf7]: IDLE {"metadata":{"emulator":{"name":"functions"},"function":{"name":"us-central1-api"},"extension":{},"message":"[worker-us-central1-api-510a48ed-3e2f-4602-a38f-205619548cf7]: IDLE"}}
[debug] [2023-12-25T22:26:30.373Z] Finishing up request with event=finish {"metadata":{"emulator":{"name":"functions"},"function":{"name":"us-central1-api"},"extension":{},"message":"Finishing up request with event=finish"}}
[debug] [2023-12-25T22:26:30.373Z] Finishing up request with event=close {"metadata":{"emulator":{"name":"functions"},"function":{"name":"us-central1-api"},"extension":{},"message":"Finishing up request with event=close"}}
[debug] [2023-12-25T22:26:30.373Z] [work-queue] {"queuedWork":[],"queueLength":0,"runningWork":[],"workRunningCount":0}
